\BOOKMARK [1][-]{section.1}{Introduction}{}% 1
\BOOKMARK [1][-]{section.2}{Related work}{}% 2
\BOOKMARK [1][-]{section.3}{Prior knowledge}{}% 3
\BOOKMARK [1][-]{section.4}{Description of the idea}{}% 4
\BOOKMARK [2][-]{subsection.4.1}{Scenario}{section.4}% 5
\BOOKMARK [2][-]{subsection.4.2}{The wireless transfer system}{section.4}% 6
\BOOKMARK [2][-]{subsection.4.3}{A real-world application}{section.4}% 7
\BOOKMARK [3][-]{subsubsection.4.3.1}{State analysis}{subsection.4.3}% 8
\BOOKMARK [3][-]{subsubsection.4.3.2}{Protocols}{subsection.4.3}% 9
\BOOKMARK [3][-]{subsubsection.4.3.3}{Initial design of the product}{subsection.4.3}% 10
\BOOKMARK [1][-]{section.5}{Analysis of the system design}{}% 11
\BOOKMARK [2][-]{subsection.5.1}{Battery Life}{section.5}% 12
\BOOKMARK [2][-]{subsection.5.2}{Charging Profile}{section.5}% 13
\BOOKMARK [2][-]{subsection.5.3}{Charge to discharge ratio}{section.5}% 14
\BOOKMARK [1][-]{section.6}{The proposed system design}{}% 15
\BOOKMARK [2][-]{subsection.6.1}{The internet of things}{section.6}% 16
\BOOKMARK [2][-]{subsection.6.2}{The WeLight}{section.6}% 17
\BOOKMARK [1][-]{section.7}{Results}{}% 18
\BOOKMARK [1][-]{section.8}{Conclusion}{}% 19
\BOOKMARK [1][-]{section.9}{Future works}{}% 20
